['Unleashing Transformers: Parallel Token Prediction with Discrete Absorbing Diffusion for Fast High-Resolution Image Generation from Vector-Quantized Codes']
https://arxiv.org/pdf/2111.12701
Sucessful to download /Users/yirandoris/wonderful_essay/DDPM/Unleashing Transformers: Parallel Token Prediction with Discrete Absorbing Diffusion for Fast High-Resolution Image Generation from Vector-Quantized Codes.pdf
['Diffusion Normalizing Flow']
https://arxiv.org/pdf/2110.07579
Sucessful to download /Users/yirandoris/wonderful_essay/DDPM/Diffusion Normalizing Flow.pdf
['Denoising Diffusion Gamma Models']
https://arxiv.org/pdf/2110.05948
Sucessful to download /Users/yirandoris/wonderful_essay/DDPM/Denoising Diffusion Gamma Models.pdf
['Score-based Generative Neural Networks for Large-Scale Optimal Transport']
https://arxiv.org/pdf/2110.03237
Sucessful to download /Users/yirandoris/wonderful_essay/DDPM/Score-based Generative Neural Networks for Large-Scale Optimal Transport.pdf
['Score-Based Generative Classifiers']
https://arxiv.org/pdf/2110.00473
Sucessful to download /Users/yirandoris/wonderful_essay/DDPM/Score-Based Generative Classifiers.pdf
['Classifier-Free Diffusion Guidance']
https://arxiv.org/pdf/2207.12598
Sucessful to download /Users/yirandoris/wonderful_essay/DDPM/Classifier-Free Diffusion Guidance.pdf
['Bilateral Denoising Diffusion Models']
https://arxiv.org/pdf/2108.11514
Sucessful to download /Users/yirandoris/wonderful_essay/DDPM/Bilateral Denoising Diffusion Models.pdf
['ImageBART: Bidirectional Context with Multinomial Diffusion for Autoregressive Image Synthesis']
https://arxiv.org/pdf/2108.08827
Sucessful to download /Users/yirandoris/wonderful_essay/DDPM/ImageBART: Bidirectional Context with Multinomial Diffusion for Autoregressive Image Synthesis.pdf
['ILVR: Conditioning Method for Denoising Diffusion Probabilistic Models']
https://arxiv.org/pdf/2108.02938
Sucessful to download /Users/yirandoris/wonderful_essay/DDPM/ILVR: Conditioning Method for Denoising Diffusion Probabilistic Models.pdf
['SDEdit: Guided Image Synthesis and Editing with Stochastic Differential Equations']
https://arxiv.org/pdf/2108.01073
Sucessful to download /Users/yirandoris/wonderful_essay/DDPM/SDEdit: Guided Image Synthesis and Editing with Stochastic Differential Equations.pdf
['Structured Denoising Diffusion Models in Discrete State-Spaces']
https://arxiv.org/pdf/2107.03006
Sucessful to download /Users/yirandoris/wonderful_essay/DDPM/Structured Denoising Diffusion Models in Discrete State-Spaces.pdf
['Variational Diffusion Models']
https://arxiv.org/pdf/2107.00630
Sucessful to download /Users/yirandoris/wonderful_essay/DDPM/Variational Diffusion Models.pdf
['Diffusion Priors In Variational Autoencoders']
https://arxiv.org/pdf/2106.15671
Sucessful to download /Users/yirandoris/wonderful_essay/DDPM/Diffusion Priors In Variational Autoencoders.pdf
['Deep Generative Learning via Schr\\&#34;{o}dinger Bridge']
https://arxiv.org/pdf/2106.10410
Sucessful to download /Users/yirandoris/wonderful_essay/DDPM/Deep Generative Learning via Schr\&#34;{o}dinger Bridge.pdf
['Non Gaussian Denoising Diffusion Models']
https://arxiv.org/pdf/2106.07582
Sucessful to download /Users/yirandoris/wonderful_essay/DDPM/Non Gaussian Denoising Diffusion Models.pdf
['D2C: Diffusion-Denoising Models for Few-shot Conditional Generation']
https://arxiv.org/pdf/2106.06819
Sucessful to download /Users/yirandoris/wonderful_essay/DDPM/D2C: Diffusion-Denoising Models for Few-shot Conditional Generation.pdf
['Score-based Generative Modeling in Latent Space']
https://arxiv.org/pdf/2106.05931
Sucessful to download /Users/yirandoris/wonderful_essay/DDPM/Score-based Generative Modeling in Latent Space.pdf
['Learning to Efficiently Sample from Diffusion Probabilistic Models']
https://arxiv.org/pdf/2106.03802
Sucessful to download /Users/yirandoris/wonderful_essay/DDPM/Learning to Efficiently Sample from Diffusion Probabilistic Models.pdf
['A Variational Perspective on Diffusion-Based Generative Models and Score Matching']
https://arxiv.org/pdf/2106.02808
Sucessful to download /Users/yirandoris/wonderful_essay/DDPM/A Variational Perspective on Diffusion-Based Generative Models and Score Matching.pdf
['Diffusion Schr\\&#34;odinger Bridge with Applications to Score-Based Generative Modeling']
https://arxiv.org/pdf/2106.01357
Sucessful to download /Users/yirandoris/wonderful_essay/DDPM/Diffusion Schr\&#34;odinger Bridge with Applications to Score-Based Generative Modeling.pdf
['On Fast Sampling of Diffusion Probabilistic Models']
https://arxiv.org/pdf/2106.00132
Sucessful to download /Users/yirandoris/wonderful_essay/DDPM/On Fast Sampling of Diffusion Probabilistic Models.pdf
['Cascaded Diffusion Models for High Fidelity Image Generation']
https://arxiv.org/pdf/2106.15282
Sucessful to download /Users/yirandoris/wonderful_essay/DDPM/Cascaded Diffusion Models for High Fidelity Image Generation.pdf
['Gotta Go Fast When Generating Data with Score-Based Models']
https://arxiv.org/pdf/2105.14080
Sucessful to download /Users/yirandoris/wonderful_essay/DDPM/Gotta Go Fast When Generating Data with Score-Based Models.pdf
['Diffusion Models Beat GANs on Image Synthesis']
https://arxiv.org/pdf/2105.05233
Sucessful to download /Users/yirandoris/wonderful_essay/DDPM/Diffusion Models Beat GANs on Image Synthesis.pdf
['Image Super-Resolution via Iterative Refinement']
https://arxiv.org/pdf/2104.07636
Sucessful to download /Users/yirandoris/wonderful_essay/DDPM/Image Super-Resolution via Iterative Refinement.pdf
['Noise Estimation for Generative Diffusion Models']
https://arxiv.org/pdf/2104.02600
Sucessful to download /Users/yirandoris/wonderful_essay/DDPM/Noise Estimation for Generative Diffusion Models.pdf
['Improved Denoising Diffusion Probabilistic Models']
https://arxiv.org/pdf/2102.09672
Sucessful to download /Users/yirandoris/wonderful_essay/DDPM/Improved Denoising Diffusion Probabilistic Models.pdf
['Maximum Likelihood Training of Score-Based Diffusion Models']
https://arxiv.org/pdf/2101.09258
Sucessful to download /Users/yirandoris/wonderful_essay/DDPM/Maximum Likelihood Training of Score-Based Diffusion Models.pdf
['Knowledge Distillation in Iterative Generative Models for Improved Sampling Speed']
https://arxiv.org/pdf/2101.02388
Sucessful to download /Users/yirandoris/wonderful_essay/DDPM/Knowledge Distillation in Iterative Generative Models for Improved Sampling Speed.pdf
['Learning Energy-Based Models by Diffusion Recovery Likelihood']
https://arxiv.org/pdf/2012.08125
Sucessful to download /Users/yirandoris/wonderful_essay/DDPM/Learning Energy-Based Models by Diffusion Recovery Likelihood.pdf
['Score-Based Generative Modeling through Stochastic Differential Equations']
https://arxiv.org/pdf/2011.13456
Sucessful to download /Users/yirandoris/wonderful_essay/DDPM/Score-Based Generative Modeling through Stochastic Differential Equations.pdf
['Variational (Gradient) Estimate of the Score Function in Energy-based Latent Variable Models']
https://arxiv.org/pdf/2010.08258
Sucessful to download /Users/yirandoris/wonderful_essay/DDPM/Variational (Gradient) Estimate of the Score Function in Energy-based Latent Variable Models.pdf
['Denoising Diffusion Implicit Models']
https://arxiv.org/pdf/2010.02502
Sucessful to download /Users/yirandoris/wonderful_essay/DDPM/Denoising Diffusion Implicit Models.pdf
['Adversarial score matching and improved sampling for image generation']
https://arxiv.org/pdf/2009.05475
Sucessful to download /Users/yirandoris/wonderful_essay/DDPM/Adversarial score matching and improved sampling for image generation.pdf
['Denoising Diffusion Probabilistic Models']
https://arxiv.org/pdf/2006.11239
Sucessful to download /Users/yirandoris/wonderful_essay/DDPM/Denoising Diffusion Probabilistic Models.pdf
['Improved Techniques for Training Score-Based Generative Models']
https://arxiv.org/pdf/2006.09011
Sucessful to download /Users/yirandoris/wonderful_essay/DDPM/Improved Techniques for Training Score-Based Generative Models.pdf
['Generative Modeling by Estimating Gradients of the Data Distribution']
https://arxiv.org/pdf/1907.05600
Sucessful to download /Users/yirandoris/wonderful_essay/DDPM/Generative Modeling by Estimating Gradients of the Data Distribution.pdf
['Neural Stochastic Differential Equations: Deep Latent Gaussian Models in the Diffusion Limit']
https://arxiv.org/pdf/1905.09883
Sucessful to download /Users/yirandoris/wonderful_essay/DDPM/Neural Stochastic Differential Equations: Deep Latent Gaussian Models in the Diffusion Limit.pdf
['Deep Unsupervised Learning using Nonequilibrium Thermodynamics']
https://arxiv.org/pdf/1503.03585
Sucessful to download /Users/yirandoris/wonderful_essay/DDPM/Deep Unsupervised Learning using Nonequilibrium Thermodynamics.pdf
['Can segmentation models be trained with fully synthetically generated data?']
https://arxiv.org/pdf/2209.08256
Sucessful to download /Users/yirandoris/wonderful_essay/DDPM/Can segmentation models be trained with fully synthetically generated data?.pdf
['Let us Build Bridges: Understanding and Extending Diffusion Generative Models']
https://arxiv.org/pdf/2208.14699
Sucessful to download /Users/yirandoris/wonderful_essay/DDPM/Let us Build Bridges: Understanding and Extending Diffusion Generative Models.pdf
['Semantic Image Synthesis via Diffusion Models']
https://arxiv.org/pdf/2207.00050
Sucessful to download /Users/yirandoris/wonderful_essay/DDPM/Semantic Image Synthesis via Diffusion Models.pdf
['Diffusion models as plug-and-play priors']
https://arxiv.org/pdf/2206.09012
Sucessful to download /Users/yirandoris/wonderful_essay/DDPM/Diffusion models as plug-and-play priors.pdf
['Decoder Denoising Pretraining for Semantic Segmentation']
https://arxiv.org/pdf/2205.11423
Sucessful to download /Users/yirandoris/wonderful_essay/DDPM/Decoder Denoising Pretraining for Semantic Segmentation.pdf
['Diffusion Models for Implicit Image Segmentation Ensembles']
https://arxiv.org/pdf/2112.03145
Sucessful to download /Users/yirandoris/wonderful_essay/DDPM/Diffusion Models for Implicit Image Segmentation Ensembles.pdf
['Label-Efficient Semantic Segmentation with Diffusion Models']
https://arxiv.org/pdf/2112.03126
Sucessful to download /Users/yirandoris/wonderful_essay/DDPM/Label-Efficient Semantic Segmentation with Diffusion Models.pdf
['SegDiff: Image Segmentation with Diffusion Probabilistic Models']
https://arxiv.org/pdf/2112.00390
Sucessful to download /Users/yirandoris/wonderful_essay/DDPM/SegDiff: Image Segmentation with Diffusion Probabilistic Models.pdf
['T2V-DDPM: Thermal to Visible Face Translation using Denoising Diffusion Probabilistic Models']
https://arxiv.org/pdf/2209.08814
Sucessful to download /Users/yirandoris/wonderful_essay/DDPM/T2V-DDPM: Thermal to Visible Face Translation using Denoising Diffusion Probabilistic Models.pdf
['Restoring Vision in Adverse Weather Conditions with Patch-Based Denoising Diffusion Models']
https://arxiv.org/pdf/2207.14626
Sucessful to download /Users/yirandoris/wonderful_essay/DDPM/Restoring Vision in Adverse Weather Conditions with Patch-Based Denoising Diffusion Models.pdf
['Non-Uniform Diffusion Models']
https://arxiv.org/pdf/2207.09786
Sucessful to download /Users/yirandoris/wonderful_essay/DDPM/Non-Uniform Diffusion Models.pdf
['Unsupervised Medical Image Translation with Adversarial Diffusion Models']
https://arxiv.org/pdf/2207.08208
Sucessful to download /Users/yirandoris/wonderful_essay/DDPM/Unsupervised Medical Image Translation with Adversarial Diffusion Models.pdf
['EGSDE: Unpaired Image-to-Image Translation via Energy-Guided Stochastic Differential Equations']
https://arxiv.org/pdf/2207.06635
Sucessful to download /Users/yirandoris/wonderful_essay/DDPM/EGSDE: Unpaired Image-to-Image Translation via Energy-Guided Stochastic Differential Equations.pdf
['Discrete Contrastive Diffusion for Cross-Modal and Conditional Generation']
https://arxiv.org/pdf/2206.07771
Sucessful to download /Users/yirandoris/wonderful_essay/DDPM/Discrete Contrastive Diffusion for Cross-Modal and Conditional Generation.pdf
['SAR Despeckling using a Denoising Diffusion Probabilistic Model']
https://arxiv.org/pdf/2206.04514
Sucessful to download /Users/yirandoris/wonderful_essay/DDPM/SAR Despeckling using a Denoising Diffusion Probabilistic Model.pdf
['Pretraining is All You Need for Image-to-Image Translation']
https://arxiv.org/pdf/2205.12952
Sucessful to download /Users/yirandoris/wonderful_essay/DDPM/Pretraining is All You Need for Image-to-Image Translation.pdf
['VQBB: Image-to-image Translation with Vector Quantized Brownian Bridge']
https://arxiv.org/pdf/2205.07680
Sucessful to download /Users/yirandoris/wonderful_essay/DDPM/VQBB: Image-to-image Translation with Vector Quantized Brownian Bridge.pdf
['The Swiss Army Knife for Image-to-Image Translation: Multi-Task Diffusion Models']
https://arxiv.org/pdf/2204.02641
Sucessful to download /Users/yirandoris/wonderful_essay/DDPM/The Swiss Army Knife for Image-to-Image Translation: Multi-Task Diffusion Models.pdf
['Dual Diffusion Implicit Bridges for Image-to-Image Translation']
https://arxiv.org/pdf/2203.08382
Sucessful to download /Users/yirandoris/wonderful_essay/DDPM/Dual Diffusion Implicit Bridges for Image-to-Image Translation.pdf
['Denoising Diffusion Restoration Models']
https://arxiv.org/pdf/2201.11793
Sucessful to download /Users/yirandoris/wonderful_essay/DDPM/Denoising Diffusion Restoration Models.pdf
['DiffuseMorph: Unsupervised Deformable Image Registration Along Continuous Trajectory Using Diffusion Models']
https://arxiv.org/pdf/2112.05149
Sucessful to download /Users/yirandoris/wonderful_essay/DDPM/DiffuseMorph: Unsupervised Deformable Image Registration Along Continuous Trajectory Using Diffusion Models.pdf
['Diffusion Autoencoders: Toward a Meaningful and Decodable Representation']
https://arxiv.org/pdf/2111.15640
Sucessful to download /Users/yirandoris/wonderful_essay/DDPM/Diffusion Autoencoders: Toward a Meaningful and Decodable Representation.pdf
['Conditional Image Generation with Score-Based Diffusion Models']
https://arxiv.org/pdf/2111.13606
Sucessful to download /Users/yirandoris/wonderful_essay/DDPM/Conditional Image Generation with Score-Based Diffusion Models.pdf
['ILVR: Conditioning Method for Denoising Diffusion Probabilistic Models']
https://arxiv.org/pdf/2108.02938
Sucessful to download /Users/yirandoris/wonderful_essay/DDPM/ILVR: Conditioning Method for Denoising Diffusion Probabilistic Models.pdf
['UNIT-DDPM: UNpaired Image Translation with Denoising Diffusion Probabilistic Models']
https://arxiv.org/pdf/2104.05358
Sucessful to download /Users/yirandoris/wonderful_essay/DDPM/UNIT-DDPM: UNpaired Image Translation with Denoising Diffusion Probabilistic Models.pdf
['Cold Diffusion: Inverting Arbitrary Image Transforms Without Noise']
https://arxiv.org/pdf/2208.09392
Sucessful to download /Users/yirandoris/wonderful_essay/DDPM/Cold Diffusion: Inverting Arbitrary Image Transforms Without Noise.pdf
['Non-Uniform Diffusion Models']
https://arxiv.org/pdf/2207.09786
Sucessful to download /Users/yirandoris/wonderful_essay/DDPM/Non-Uniform Diffusion Models.pdf
['Denoising Diffusion Restoration Models']
https://arxiv.org/pdf/2201.11793
Sucessful to download /Users/yirandoris/wonderful_essay/DDPM/Denoising Diffusion Restoration Models.pdf
['DiffuseVAE: Efficient, Controllable and High-Fidelity Generation from Low-Dimensional Latents']
https://arxiv.org/pdf/2201.00308
Sucessful to download /Users/yirandoris/wonderful_essay/DDPM/DiffuseVAE: Efficient, Controllable and High-Fidelity Generation from Low-Dimensional Latents.pdf
['High-Resolution Image Synthesis with Latent Diffusion Models']
https://arxiv.org/pdf/2112.10752
Sucessful to download /Users/yirandoris/wonderful_essay/DDPM/High-Resolution Image Synthesis with Latent Diffusion Models.pdf
['Come-Closer-Diffuse-Faster: Accelerating Conditional Diffusion Models for Inverse Problems through Stochastic Contraction']
https://arxiv.org/pdf/2112.05146
Sucessful to download /Users/yirandoris/wonderful_essay/DDPM/Come-Closer-Diffuse-Faster: Accelerating Conditional Diffusion Models for Inverse Problems through Stochastic Contraction.pdf
['Conditional Image Generation with Score-Based Diffusion Models']
https://arxiv.org/pdf/2111.13606
Sucessful to download /Users/yirandoris/wonderful_essay/DDPM/Conditional Image Generation with Score-Based Diffusion Models.pdf
['S3RP: Self-Supervised Super-Resolution and Prediction for Advection-Diffusion Process']
https://arxiv.org/pdf/2111.04639
Sucessful to download /Users/yirandoris/wonderful_essay/DDPM/S3RP: Self-Supervised Super-Resolution and Prediction for Advection-Diffusion Process.pdf
['Autoregressive Diffusion Models']
https://arxiv.org/pdf/2110.02037
Sucessful to download /Users/yirandoris/wonderful_essay/DDPM/Autoregressive Diffusion Models.pdf
['ILVR: Conditioning Method for Denoising Diffusion Probabilistic Models']
https://arxiv.org/pdf/2108.02938
Sucessful to download /Users/yirandoris/wonderful_essay/DDPM/ILVR: Conditioning Method for Denoising Diffusion Probabilistic Models.pdf
['Cascaded Diffusion Models for High Fidelity Image Generation']
https://arxiv.org/pdf/2106.15282
Sucessful to download /Users/yirandoris/wonderful_essay/DDPM/Cascaded Diffusion Models for High Fidelity Image Generation.pdf
['SRDiff: Single Image Super-Resolution with Diffusion Probabilistic Models']
https://arxiv.org/pdf/2104.14951
Sucessful to download /Users/yirandoris/wonderful_essay/DDPM/SRDiff: Single Image Super-Resolution with Diffusion Probabilistic Models.pdf
['Image Super-Resolution via Iterative Refinement']
https://arxiv.org/pdf/2104.07636
Sucessful to download /Users/yirandoris/wonderful_essay/DDPM/Image Super-Resolution via Iterative Refinement.pdf
['Delving Globally into Texture and Structure for Image Inpainting']
https://arxiv.org/pdf/2209.08217
Sucessful to download /Users/yirandoris/wonderful_essay/DDPM/Delving Globally into Texture and Structure for Image Inpainting.pdf
['Adaptively-Realistic Image Generation from Stroke and Sketch with Diffusion Model']
https://arxiv.org/pdf/2208.12675
Sucessful to download /Users/yirandoris/wonderful_essay/DDPM/Adaptively-Realistic Image Generation from Stroke and Sketch with Diffusion Model.pdf
['Cold Diffusion: Inverting Arbitrary Image Transforms Without Noise']
https://arxiv.org/pdf/2208.09392
Sucessful to download /Users/yirandoris/wonderful_essay/DDPM/Cold Diffusion: Inverting Arbitrary Image Transforms Without Noise.pdf
['Non-Uniform Diffusion Models']
https://arxiv.org/pdf/2207.09786
Sucessful to download /Users/yirandoris/wonderful_essay/DDPM/Non-Uniform Diffusion Models.pdf
['Blended Latent Diffusion']
https://arxiv.org/pdf/2206.02779
Sucessful to download /Users/yirandoris/wonderful_essay/DDPM/Blended Latent Diffusion.pdf
['Improving Diffusion Models for Inverse Problems using Manifold Constraints']
https://arxiv.org/pdf/2206.00941
Sucessful to download /Users/yirandoris/wonderful_essay/DDPM/Improving Diffusion Models for Inverse Problems using Manifold Constraints.pdf
['DiVAE: Photorealistic Images Synthesis with Denoising Diffusion Decoder']
https://arxiv.org/pdf/2206.00386
Sucessful to download /Users/yirandoris/wonderful_essay/DDPM/DiVAE: Photorealistic Images Synthesis with Denoising Diffusion Decoder.pdf
['Denoising Diffusion Restoration Models']
https://arxiv.org/pdf/2201.11793
Sucessful to download /Users/yirandoris/wonderful_essay/DDPM/Denoising Diffusion Restoration Models.pdf
['RePaint: Inpainting using Denoising Diffusion Probabilistic Models']
https://arxiv.org/pdf/2201.09865
Sucessful to download /Users/yirandoris/wonderful_essay/DDPM/RePaint: Inpainting using Denoising Diffusion Probabilistic Models.pdf
['High-Resolution Image Synthesis with Latent Diffusion Models']
https://arxiv.org/pdf/2112.10752
Sucessful to download /Users/yirandoris/wonderful_essay/DDPM/High-Resolution Image Synthesis with Latent Diffusion Models.pdf
['Tackling the Generative Learning Trilemma with Denoising Diffusion GANs']
https://arxiv.org/pdf/2112.07804
Sucessful to download /Users/yirandoris/wonderful_essay/DDPM/Tackling the Generative Learning Trilemma with Denoising Diffusion GANs.pdf
['Come-Closer-Diffuse-Faster: Accelerating Conditional Diffusion Models for Inverse Problems through Stochastic Contraction']
https://arxiv.org/pdf/2112.05146
Sucessful to download /Users/yirandoris/wonderful_essay/DDPM/Come-Closer-Diffuse-Faster: Accelerating Conditional Diffusion Models for Inverse Problems through Stochastic Contraction.pdf
['Conditional Image Generation with Score-Based Diffusion Models']
https://arxiv.org/pdf/2111.13606
Sucessful to download /Users/yirandoris/wonderful_essay/DDPM/Conditional Image Generation with Score-Based Diffusion Models.pdf
['Unleashing Transformers: Parallel Token Prediction with Discrete Absorbing Diffusion for Fast High-Resolution Image Generation from Vector-Quantized Codes']
https://arxiv.org/pdf/2111.12701
Sucessful to download /Users/yirandoris/wonderful_essay/DDPM/Unleashing Transformers: Parallel Token Prediction with Discrete Absorbing Diffusion for Fast High-Resolution Image Generation from Vector-Quantized Codes.pdf
['ILVR: Conditioning Method for Denoising Diffusion Probabilistic Models']
https://arxiv.org/pdf/2108.02938
Sucessful to download /Users/yirandoris/wonderful_essay/DDPM/ILVR: Conditioning Method for Denoising Diffusion Probabilistic Models.pdf
['SDEdit: Guided Image Synthesis and Editing with Stochastic Differential Equations']
https://arxiv.org/pdf/2108.01073
Sucessful to download /Users/yirandoris/wonderful_essay/DDPM/SDEdit: Guided Image Synthesis and Editing with Stochastic Differential Equations.pdf
['The Biased Artist: Exploiting Cultural Biases via Homoglyphs in Text-Guided Image Generation Models']
https://arxiv.org/pdf/2209.08891
Sucessful to download /Users/yirandoris/wonderful_essay/DDPM/The Biased Artist: Exploiting Cultural Biases via Homoglyphs in Text-Guided Image Generation Models.pdf
['Generative Visual Prompt: Unifying Distributional Control of Pre-Trained Generative Models']
https://arxiv.org/pdf/2209.06970
Sucessful to download /Users/yirandoris/wonderful_essay/DDPM/Generative Visual Prompt: Unifying Distributional Control of Pre-Trained Generative Models.pdf
['DreamBooth: Fine Tuning Text-to-Image Diffusion Models for Subject-Driven Generation']
https://arxiv.org/pdf/2208.12242
Sucessful to download /Users/yirandoris/wonderful_essay/DDPM/DreamBooth: Fine Tuning Text-to-Image Diffusion Models for Subject-Driven Generation.pdf
['Text-Guided Synthesis of Artistic Images with Retrieval-Augmented Diffusion Models']
https://arxiv.org/pdf/2207.13038
Sucessful to download /Users/yirandoris/wonderful_essay/DDPM/Text-Guided Synthesis of Artistic Images with Retrieval-Augmented Diffusion Models.pdf
['Discrete Contrastive Diffusion for Cross-Modal and Conditional Generation']
https://arxiv.org/pdf/2206.07771
Sucessful to download /Users/yirandoris/wonderful_essay/DDPM/Discrete Contrastive Diffusion for Cross-Modal and Conditional Generation.pdf
['Blended Latent Diffusion']
https://arxiv.org/pdf/2206.02779
Sucessful to download /Users/yirandoris/wonderful_essay/DDPM/Blended Latent Diffusion.pdf
['Compositional Visual Generation with Composable Diffusion Models']
https://arxiv.org/pdf/2206.01714
Sucessful to download /Users/yirandoris/wonderful_essay/DDPM/Compositional Visual Generation with Composable Diffusion Models.pdf
['DiVAE: Photorealistic Images Synthesis with Denoising Diffusion Decoder']
https://arxiv.org/pdf/2206.00386
Sucessful to download /Users/yirandoris/wonderful_essay/DDPM/DiVAE: Photorealistic Images Synthesis with Denoising Diffusion Decoder.pdf
['Improved Vector Quantized Diffusion Models']
https://arxiv.org/pdf/2205.16007
Sucessful to download /Users/yirandoris/wonderful_essay/DDPM/Improved Vector Quantized Diffusion Models.pdf
['Text2Human: Text-Driven Controllable Human Image Generation']
https://arxiv.org/pdf/2205.15996
Sucessful to download /Users/yirandoris/wonderful_essay/DDPM/Text2Human: Text-Driven Controllable Human Image Generation.pdf
['Photorealistic Text-to-Image Diffusion Models with Deep Language Understanding']
https://arxiv.org/pdf/2205.11487
Sucessful to download /Users/yirandoris/wonderful_essay/DDPM/Photorealistic Text-to-Image Diffusion Models with Deep Language Understanding.pdf
['Retrieval-Augmented Diffusion Models']
https://arxiv.org/pdf/2204.11824
Sucessful to download /Users/yirandoris/wonderful_essay/DDPM/Retrieval-Augmented Diffusion Models.pdf
['Hierarchical Text-Conditional Image Generation with CLIP Latents']
https://arxiv.org/pdf/2204.06125
Sucessful to download /Users/yirandoris/wonderful_essay/DDPM/Hierarchical Text-Conditional Image Generation with CLIP Latents.pdf
['KNN-Diffusion: Image Generation via Large-Scale Retrieval']
https://arxiv.org/pdf/2204.02849
Sucessful to download /Users/yirandoris/wonderful_essay/DDPM/KNN-Diffusion: Image Generation via Large-Scale Retrieval.pdf
['More Control for Free! Image Synthesis with Semantic Diffusion Guidance']
https://arxiv.org/pdf/2112.05744
Sucessful to download /Users/yirandoris/wonderful_essay/DDPM/More Control for Free! Image Synthesis with Semantic Diffusion Guidance.pdf
['Vector Quantized Diffusion Model for Text-to-Image Synthesis']
https://arxiv.org/pdf/2111.14822
Sucessful to download /Users/yirandoris/wonderful_essay/DDPM/Vector Quantized Diffusion Model for Text-to-Image Synthesis.pdf
['Blended Diffusion for Text-driven Editing of Natural Images']
https://arxiv.org/pdf/2111.14818
Sucessful to download /Users/yirandoris/wonderful_essay/DDPM/Blended Diffusion for Text-driven Editing of Natural Images.pdf
['DiffusionCLIP: Text-Guided Diffusion Models for Robust Image Manipulation']
https://arxiv.org/pdf/2110.02711
Sucessful to download /Users/yirandoris/wonderful_essay/DDPM/DiffusionCLIP: Text-Guided Diffusion Models for Robust Image Manipulation.pdf
['Brain Imaging Generation with Latent Diffusion Models']
https://arxiv.org/pdf/2209.07162
Sucessful to download /Users/yirandoris/wonderful_essay/DDPM/Brain Imaging Generation with Latent Diffusion Models.pdf
['PET image denoising based on denoising diffusion probabilistic models']
https://arxiv.org/pdf/2209.06167
Sucessful to download /Users/yirandoris/wonderful_essay/DDPM/PET image denoising based on denoising diffusion probabilistic models.pdf
['Self-Score: Self-Supervised Learning on Score-Based Models for MRI Reconstruction']
https://arxiv.org/pdf/2209.00835
Sucessful to download /Users/yirandoris/wonderful_essay/DDPM/Self-Score: Self-Supervised Learning on Score-Based Models for MRI Reconstruction.pdf
['High-Frequency Space Diffusion Models for Accelerated MRI']
https://arxiv.org/pdf/2208.05481
Sucessful to download /Users/yirandoris/wonderful_essay/DDPM/High-Frequency Space Diffusion Models for Accelerated MRI.pdf
['What is Healthy? Generative Counterfactual Diffusion for Lesion Localization']
https://arxiv.org/pdf/2207.12268
Sucessful to download /Users/yirandoris/wonderful_essay/DDPM/What is Healthy? Generative Counterfactual Diffusion for Lesion Localization.pdf
['Unsupervised Medical Image Translation with Adversarial Diffusion Models']
https://arxiv.org/pdf/2207.08208
Sucessful to download /Users/yirandoris/wonderful_essay/DDPM/Unsupervised Medical Image Translation with Adversarial Diffusion Models.pdf
['Adaptive Diffusion Priors for Accelerated MRI Reconstruction']
https://arxiv.org/pdf/2207.05876
Sucessful to download /Users/yirandoris/wonderful_essay/DDPM/Adaptive Diffusion Priors for Accelerated MRI Reconstruction.pdf
['A Novel Unified Conditional Score-based Generative Framework for Multi-modal Medical Image Completion']
https://arxiv.org/pdf/2207.03430
Sucessful to download /Users/yirandoris/wonderful_essay/DDPM/A Novel Unified Conditional Score-based Generative Framework for Multi-modal Medical Image Completion.pdf
['Cross-Modal Transformer GAN: A Brain Structure-Function Deep Fusing Framework for Alzheimer&#39;s Disease']
https://arxiv.org/pdf/2206.13393
Sucessful to download /Users/yirandoris/wonderful_essay/DDPM/Cross-Modal Transformer GAN: A Brain Structure-Function Deep Fusing Framework for Alzheimer&#39;s Disease.pdf
['Diffusion Deformable Model for 4D Temporal Medical Image Generation']
https://arxiv.org/pdf/2206.13295
Sucessful to download /Users/yirandoris/wonderful_essay/DDPM/Diffusion Deformable Model for 4D Temporal Medical Image Generation.pdf
['Fast Unsupervised Brain Anomaly Detection and Segmentation with Diffusion Models']
https://arxiv.org/pdf/2206.03461
Sucessful to download /Users/yirandoris/wonderful_essay/DDPM/Fast Unsupervised Brain Anomaly Detection and Segmentation with Diffusion Models.pdf
['Improving Diffusion Models for Inverse Problems using Manifold Constraints']
https://arxiv.org/pdf/2206.00941
Sucessful to download /Users/yirandoris/wonderful_essay/DDPM/Improving Diffusion Models for Inverse Problems using Manifold Constraints.pdf
['The Swiss Army Knife for Image-to-Image Translation: Multi-Task Diffusion Models']
https://arxiv.org/pdf/2204.02641
Sucessful to download /Users/yirandoris/wonderful_essay/DDPM/The Swiss Army Knife for Image-to-Image Translation: Multi-Task Diffusion Models.pdf
['MR Image Denoising and Super-Resolution Using Regularized Reverse Diffusion']
https://arxiv.org/pdf/2203.12621
Sucessful to download /Users/yirandoris/wonderful_essay/DDPM/MR Image Denoising and Super-Resolution Using Regularized Reverse Diffusion.pdf
['Diffusion Models for Medical Anomaly Detection']
https://arxiv.org/pdf/2203.04306
Sucessful to download /Users/yirandoris/wonderful_essay/DDPM/Diffusion Models for Medical Anomaly Detection.pdf
['Towards performant and reliable undersampled MR reconstruction via diffusion model sampling']
https://arxiv.org/pdf/2203.04292
Sucessful to download /Users/yirandoris/wonderful_essay/DDPM/Towards performant and reliable undersampled MR reconstruction via diffusion model sampling.pdf
['Measurement-conditioned Denoising Diffusion Probabilistic Model for Under-sampled Medical Image Reconstruction']
https://arxiv.org/pdf/2203.03623
Sucessful to download /Users/yirandoris/wonderful_essay/DDPM/Measurement-conditioned Denoising Diffusion Probabilistic Model for Under-sampled Medical Image Reconstruction.pdf
['MRI Reconstruction via Data Driven Markov Chain with Joint Uncertainty Estimation']
https://arxiv.org/pdf/2202.01479
Sucessful to download /Users/yirandoris/wonderful_essay/DDPM/MRI Reconstruction via Data Driven Markov Chain with Joint Uncertainty Estimation.pdf
['Unsupervised Denoising of Retinal OCT with Diffusion Probabilistic Model']
https://arxiv.org/pdf/2201.11760
Sucessful to download /Users/yirandoris/wonderful_essay/DDPM/Unsupervised Denoising of Retinal OCT with Diffusion Probabilistic Model.pdf
['Come-Closer-Diffuse-Faster: Accelerating Conditional Diffusion Models for Inverse Problems through Stochastic Contraction']
https://arxiv.org/pdf/2112.05146
Sucessful to download /Users/yirandoris/wonderful_essay/DDPM/Come-Closer-Diffuse-Faster: Accelerating Conditional Diffusion Models for Inverse Problems through Stochastic Contraction.pdf
['Solving Inverse Problems in Medical Imaging with Score-Based Generative Models']
https://arxiv.org/pdf/2111.08005
Sucessful to download /Users/yirandoris/wonderful_essay/DDPM/Solving Inverse Problems in Medical Imaging with Score-Based Generative Models.pdf
['Score-based diffusion models for accelerated MRI']
https://arxiv.org/pdf/2110.05243
Sucessful to download /Users/yirandoris/wonderful_essay/DDPM/Score-based diffusion models for accelerated MRI.pdf
['Diffusion Models for Video Prediction and Infilling']
https://arxiv.org/pdf/2206.07696
Sucessful to download /Users/yirandoris/wonderful_essay/DDPM/Diffusion Models for Video Prediction and Infilling.pdf
['Flexible Diffusion Modeling of Long Videos']
https://arxiv.org/pdf/2205.11495
Sucessful to download /Users/yirandoris/wonderful_essay/DDPM/Flexible Diffusion Modeling of Long Videos.pdf
['MCVD: Masked Conditional Video Diffusion for Prediction, Generation, and Interpolation']
https://arxiv.org/pdf/2205.09853
Sucessful to download /Users/yirandoris/wonderful_essay/DDPM/MCVD: Masked Conditional Video Diffusion for Prediction, Generation, and Interpolation.pdf
['Video Diffusion Models']
https://arxiv.org/pdf/2204.03458
Sucessful to download /Users/yirandoris/wonderful_essay/DDPM/Video Diffusion Models.pdf
['Diffusion Probabilistic Modeling for Video Generation']
https://arxiv.org/pdf/2203.09481
Sucessful to download /Users/yirandoris/wonderful_essay/DDPM/Diffusion Probabilistic Modeling for Video Generation.pdf
['First Hitting Diffusion Models']
https://arxiv.org/pdf/2209.01170
Sucessful to download /Users/yirandoris/wonderful_essay/DDPM/First Hitting Diffusion Models.pdf
['Let us Build Bridges: Understanding and Extending Diffusion Generative Models']
https://arxiv.org/pdf/2208.14699
Sucessful to download /Users/yirandoris/wonderful_essay/DDPM/Let us Build Bridges: Understanding and Extending Diffusion Generative Models.pdf
['PointDP: Diffusion-driven Purification against Adversarial Attacks on 3D Point Cloud Recognition']
https://arxiv.org/pdf/2208.09801
Sucessful to download /Users/yirandoris/wonderful_essay/DDPM/PointDP: Diffusion-driven Purification against Adversarial Attacks on 3D Point Cloud Recognition.pdf
['A Conditional Point Diffusion-Refinement Paradigm for 3D Point Cloud Completion']
https://arxiv.org/pdf/2112.03530
Sucessful to download /Users/yirandoris/wonderful_essay/DDPM/A Conditional Point Diffusion-Refinement Paradigm for 3D Point Cloud Completion.pdf
['Score-Based Point Cloud Denoising (Learning Gradient Fields for Point Cloud Denoising)']
https://arxiv.org/pdf/2107.10981
Sucessful to download /Users/yirandoris/wonderful_essay/DDPM/Score-Based Point Cloud Denoising (Learning Gradient Fields for Point Cloud Denoising).pdf
['3D Shape Generation and Completion through Point-Voxel Diffusion']
https://arxiv.org/pdf/2104.03670
Sucessful to download /Users/yirandoris/wonderful_essay/DDPM/3D Shape Generation and Completion through Point-Voxel Diffusion.pdf
['Diffusion Probabilistic Models for 3D Point Cloud Generation']
https://arxiv.org/pdf/2103.01458
Sucessful to download /Users/yirandoris/wonderful_essay/DDPM/Diffusion Probabilistic Models for 3D Point Cloud Generation.pdf
['DDSP-based Singing Vocoders: A New Subtractive-based Synthesizer and A Comprehensive Evaluation']
https://arxiv.org/pdf/2208.04756
Sucessful to download /Users/yirandoris/wonderful_essay/DDPM/DDSP-based Singing Vocoders: A New Subtractive-based Synthesizer and A Comprehensive Evaluation.pdf
['ProDiff: Progressive Fast Diffusion Model For High-Quality Text-to-Speech']
https://arxiv.org/pdf/2207.06389
Sucessful to download /Users/yirandoris/wonderful_essay/DDPM/ProDiff: Progressive Fast Diffusion Model For High-Quality Text-to-Speech.pdf
['Adversarial Audio Synthesis with Complex-valued Polynomial Networks']
https://arxiv.org/pdf/2206.06811
Sucessful to download /Users/yirandoris/wonderful_essay/DDPM/Adversarial Audio Synthesis with Complex-valued Polynomial Networks.pdf
['BinauralGrad: A Two-Stage Conditional Diffusion Probabilistic Model for Binaural Audio Synthesis']
https://arxiv.org/pdf/2205.14807
Sucessful to download /Users/yirandoris/wonderful_essay/DDPM/BinauralGrad: A Two-Stage Conditional Diffusion Probabilistic Model for Binaural Audio Synthesis.pdf
['FastDiff: A Fast Conditional Diffusion Model for High-Quality Speech Synthesis']
https://arxiv.org/pdf/2204.09934
Sucessful to download /Users/yirandoris/wonderful_essay/DDPM/FastDiff: A Fast Conditional Diffusion Model for High-Quality Speech Synthesis.pdf
['SpecGrad: Diffusion Probabilistic Model based Neural Vocoder with Adaptive Noise Spectral Shaping']
https://arxiv.org/pdf/2203.16749
Sucessful to download /Users/yirandoris/wonderful_essay/DDPM/SpecGrad: Diffusion Probabilistic Model based Neural Vocoder with Adaptive Noise Spectral Shaping.pdf
['BDDM: Bilateral Denoising Diffusion Models for Fast and High-Quality Speech Synthesis']
https://arxiv.org/pdf/2203.13508
Sucessful to download /Users/yirandoris/wonderful_essay/DDPM/BDDM: Bilateral Denoising Diffusion Models for Fast and High-Quality Speech Synthesis.pdf
['It\\^oWave: It\\^o Stochastic Differential Equation Is All You Need For Wave Generation']
https://arxiv.org/pdf/2201.12519
Sucessful to download /Users/yirandoris/wonderful_essay/DDPM/It\^oWave: It\^o Stochastic Differential Equation Is All You Need For Wave Generation.pdf
['It\\^{o}-Taylor Sampling Scheme for Denoising Diffusion Probabilistic Models using Ideal Derivatives']
https://arxiv.org/pdf/2112.13339
Sucessful to download /Users/yirandoris/wonderful_essay/DDPM/It\^{o}-Taylor Sampling Scheme for Denoising Diffusion Probabilistic Models using Ideal Derivatives.pdf
['Denoising Diffusion Gamma Models']
https://arxiv.org/pdf/2110.05948
Sucessful to download /Users/yirandoris/wonderful_essay/DDPM/Denoising Diffusion Gamma Models.pdf
['Variational Diffusion Models']
https://arxiv.org/pdf/2107.00630
Sucessful to download /Users/yirandoris/wonderful_essay/DDPM/Variational Diffusion Models.pdf
['CRASH: Raw Audio Score-based Generative Modeling for Controllable High-resolution Drum Sound Synthesis']
https://arxiv.org/pdf/2106.07431
Sucessful to download /Users/yirandoris/wonderful_essay/DDPM/CRASH: Raw Audio Score-based Generative Modeling for Controllable High-resolution Drum Sound Synthesis.pdf
['PriorGrad: Improving Conditional Denoising Diffusion Models with Data-Dependent Adaptive Prior']
https://arxiv.org/pdf/2106.06406
Sucessful to download /Users/yirandoris/wonderful_essay/DDPM/PriorGrad: Improving Conditional Denoising Diffusion Models with Data-Dependent Adaptive Prior.pdf
['It\\^oTTS and It\\^oWave: Linear Stochastic Differential Equation Is All You Need For Audio Generation']
https://arxiv.org/pdf/2105.07583
Sucessful to download /Users/yirandoris/wonderful_essay/DDPM/It\^oTTS and It\^oWave: Linear Stochastic Differential Equation Is All You Need For Audio Generation.pdf
['DiffSinger: Singing Voice Synthesis via Shallow Diffusion Mechanism']
https://arxiv.org/pdf/2105.02446
Sucessful to download /Users/yirandoris/wonderful_essay/DDPM/DiffSinger: Singing Voice Synthesis via Shallow Diffusion Mechanism.pdf
['Symbolic Music Generation with Diffusion Models']
https://arxiv.org/pdf/2103.16091
Sucessful to download /Users/yirandoris/wonderful_essay/DDPM/Symbolic Music Generation with Diffusion Models.pdf
['DiffWave: A Versatile Diffusion Model for Audio Synthesis']
https://arxiv.org/pdf/2009.09761
Sucessful to download /Users/yirandoris/wonderful_essay/DDPM/DiffWave: A Versatile Diffusion Model for Audio Synthesis.pdf
['WaveGrad: Estimating Gradients for Waveform Generation']
https://arxiv.org/pdf/2009.00713
Sucessful to download /Users/yirandoris/wonderful_essay/DDPM/WaveGrad: Estimating Gradients for Waveform Generation.pdf
['DiffSVC: A Diffusion Probabilistic Model for Singing Voice Conversion']
https://arxiv.org/pdf/2105.13871
Sucessful to download /Users/yirandoris/wonderful_essay/DDPM/DiffSVC: A Diffusion Probabilistic Model for Singing Voice Conversion.pdf
['Diffusion-Based Voice Conversion with Fast Maximum Likelihood Sampling Scheme']
https://arxiv.org/pdf/2109.13821
Sucessful to download /Users/yirandoris/wonderful_essay/DDPM/Diffusion-Based Voice Conversion with Fast Maximum Likelihood Sampling Scheme.pdf
['Speech Enhancement and Dereverberation with Diffusion-based Generative Models']
https://arxiv.org/pdf/2208.05830
Sucessful to download /Users/yirandoris/wonderful_essay/DDPM/Speech Enhancement and Dereverberation with Diffusion-based Generative Models.pdf
['NU-Wave 2: A General Neural Audio Upsampling Model for Various Sampling Rates']
https://arxiv.org/pdf/2206.08545
Sucessful to download /Users/yirandoris/wonderful_essay/DDPM/NU-Wave 2: A General Neural Audio Upsampling Model for Various Sampling Rates.pdf
['Universal Speech Enhancement with Score-based Diffusion']
https://arxiv.org/pdf/2206.03065
Sucessful to download /Users/yirandoris/wonderful_essay/DDPM/Universal Speech Enhancement with Score-based Diffusion.pdf
['Conditional Diffusion Probabilistic Model for Speech Enhancement']
https://arxiv.org/pdf/2202.05256
Sucessful to download /Users/yirandoris/wonderful_essay/DDPM/Conditional Diffusion Probabilistic Model for Speech Enhancement.pdf
['A Study on Speech Enhancement Based on Diffusion Probabilistic Model']
https://arxiv.org/pdf/2107.11876
Sucessful to download /Users/yirandoris/wonderful_essay/DDPM/A Study on Speech Enhancement Based on Diffusion Probabilistic Model.pdf
['Zero-Shot Voice Conditioning for Denoising Diffusion TTS Models']
https://arxiv.org/pdf/2206.02246
Sucessful to download /Users/yirandoris/wonderful_essay/DDPM/Zero-Shot Voice Conditioning for Denoising Diffusion TTS Models.pdf
['Restoring degraded speech via a modified diffusion model']
https://arxiv.org/pdf/2104.11347
Sucessful to download /Users/yirandoris/wonderful_essay/DDPM/Restoring degraded speech via a modified diffusion model.pdf
['NU-Wave: A Diffusion Probabilistic Model for Neural Audio Upsampling']
https://arxiv.org/pdf/2104.02321
Sucessful to download /Users/yirandoris/wonderful_essay/DDPM/NU-Wave: A Diffusion Probabilistic Model for Neural Audio Upsampling.pdf
['Diffsound: Discrete Diffusion Model for Text-to-sound Generation']
https://arxiv.org/pdf/2207.09983
Sucessful to download /Users/yirandoris/wonderful_essay/DDPM/Diffsound: Discrete Diffusion Model for Text-to-sound Generation.pdf
['Guided-TTS 2: A Diffusion Model for High-quality Adaptive Text-to-Speech with Untranscribed Data']
https://arxiv.org/pdf/2205.15370
Sucessful to download /Users/yirandoris/wonderful_essay/DDPM/Guided-TTS 2: A Diffusion Model for High-quality Adaptive Text-to-Speech with Untranscribed Data.pdf
['InferGrad: Improving Diffusion Models for Vocoder by Considering Inference in Training']
https://arxiv.org/pdf/2202.03751
Sucessful to download /Users/yirandoris/wonderful_essay/DDPM/InferGrad: Improving Diffusion Models for Vocoder by Considering Inference in Training.pdf
['DiffGAN-TTS: High-Fidelity and Efficient Text-to-Speech with Denoising Diffusion GANs']
https://arxiv.org/pdf/2201.11972
Sucessful to download /Users/yirandoris/wonderful_essay/DDPM/DiffGAN-TTS: High-Fidelity and Efficient Text-to-Speech with Denoising Diffusion GANs.pdf
['Guided-TTS: A Diffusion Model for Text-to-Speech via Classifier Guidance']
https://arxiv.org/pdf/2111.11755
Sucessful to download /Users/yirandoris/wonderful_essay/DDPM/Guided-TTS: A Diffusion Model for Text-to-Speech via Classifier Guidance.pdf
['EdiTTS: Score-based Editing for Controllable Text-to-Speech']
https://arxiv.org/pdf/2110.02584
Sucessful to download /Users/yirandoris/wonderful_essay/DDPM/EdiTTS: Score-based Editing for Controllable Text-to-Speech.pdf
['WaveGrad 2: Iterative Refinement for Text-to-Speech Synthesis']
https://arxiv.org/pdf/2106.09660
Sucessful to download /Users/yirandoris/wonderful_essay/DDPM/WaveGrad 2: Iterative Refinement for Text-to-Speech Synthesis.pdf
['Grad-TTS: A Diffusion Probabilistic Model for Text-to-Speech']
https://arxiv.org/pdf/2105.06337
Sucessful to download /Users/yirandoris/wonderful_essay/DDPM/Grad-TTS: A Diffusion Probabilistic Model for Text-to-Speech.pdf
['DiffSinger: Singing Voice Synthesis via Shallow Diffusion Mechanism']
https://arxiv.org/pdf/2105.02446
Sucessful to download /Users/yirandoris/wonderful_essay/DDPM/DiffSinger: Singing Voice Synthesis via Shallow Diffusion Mechanism.pdf
['Diff-TTS: A Denoising Diffusion Model for Text-to-Speech']
https://arxiv.org/pdf/2104.01409
Sucessful to download /Users/yirandoris/wonderful_essay/DDPM/Diff-TTS: A Denoising Diffusion Model for Text-to-Speech.pdf
['PointDP: Diffusion-driven Purification against Adversarial Attacks on 3D Point Cloud Recognition']
https://arxiv.org/pdf/2208.09801
Sucessful to download /Users/yirandoris/wonderful_essay/DDPM/PointDP: Diffusion-driven Purification against Adversarial Attacks on 3D Point Cloud Recognition.pdf
['PointDP: Diffusion-driven Purification against Adversarial Attacks on 3D Point Cloud Recognition']
https://arxiv.org/pdf/2208.09801
Sucessful to download /Users/yirandoris/wonderful_essay/DDPM/PointDP: Diffusion-driven Purification against Adversarial Attacks on 3D Point Cloud Recognition.pdf
['Threat Model-Agnostic Adversarial Defense using Diffusion Models']
https://arxiv.org/pdf/2207.08089
Sucessful to download /Users/yirandoris/wonderful_essay/DDPM/Threat Model-Agnostic Adversarial Defense using Diffusion Models.pdf
['Back to the Source: Diffusion-Driven Test-Time Adaptation']
https://arxiv.org/pdf/2207.03442
Sucessful to download /Users/yirandoris/wonderful_essay/DDPM/Back to the Source: Diffusion-Driven Test-Time Adaptation.pdf
['Guided Diffusion Model for Adversarial Purification from Random Noise']
https://arxiv.org/pdf/2206.10875
Sucessful to download /Users/yirandoris/wonderful_essay/DDPM/Guided Diffusion Model for Adversarial Purification from Random Noise.pdf
['(Certified!!) Adversarial Robustness for Free!']
https://arxiv.org/pdf/2206.10550
Sucessful to download /Users/yirandoris/wonderful_essay/DDPM/(Certified!!) Adversarial Robustness for Free!.pdf
['Guided Diffusion Model for Adversarial Purification']
https://arxiv.org/pdf/2205.14969
Sucessful to download /Users/yirandoris/wonderful_essay/DDPM/Guided Diffusion Model for Adversarial Purification.pdf
['Diffusion Models for Adversarial Purification']
https://arxiv.org/pdf/2205.07460
Sucessful to download /Users/yirandoris/wonderful_essay/DDPM/Diffusion Models for Adversarial Purification.pdf
['TFDPM: Attack detection for cyber-physical systems with diffusion probabilistic models']
https://arxiv.org/pdf/2112.10774
Sucessful to download /Users/yirandoris/wonderful_essay/DDPM/TFDPM: Attack detection for cyber-physical systems with diffusion probabilistic models.pdf
['Adversarial purification with Score-based generative models']
https://arxiv.org/pdf/2106.06041
Sucessful to download /Users/yirandoris/wonderful_essay/DDPM/Adversarial purification with Score-based generative models.pdf
['Latent Diffusion Energy-Based Model for Interpretable Text Modeling']
https://arxiv.org/pdf/2206.05895
Sucessful to download /Users/yirandoris/wonderful_essay/DDPM/Latent Diffusion Energy-Based Model for Interpretable Text Modeling.pdf
['Diffusion-LM Improves Controllable Text Generation']
https://arxiv.org/pdf/2205.14217
Sucessful to download /Users/yirandoris/wonderful_essay/DDPM/Diffusion-LM Improves Controllable Text Generation.pdf
['Zero-Shot Translation using Diffusion Models']
https://arxiv.org/pdf/2111.01471
Sucessful to download /Users/yirandoris/wonderful_essay/DDPM/Zero-Shot Translation using Diffusion Models.pdf
['Diffusion-based Time Series Imputation and Forecasting with Structured State Space Models']
https://arxiv.org/pdf/2208.09399
Sucessful to download /Users/yirandoris/wonderful_essay/DDPM/Diffusion-based Time Series Imputation and Forecasting with Structured State Space Models.pdf
['CSDI: Conditional Score-based Diffusion Models for Probabilistic Time Series Imputation']
https://arxiv.org/pdf/2107.03502
Sucessful to download /Users/yirandoris/wonderful_essay/DDPM/CSDI: Conditional Score-based Diffusion Models for Probabilistic Time Series Imputation.pdf
['ScoreGrad: Multivariate Probabilistic Time Series Forecasting with Continuous Energy-based Generative Models']
https://arxiv.org/pdf/2106.10121
Sucessful to download /Users/yirandoris/wonderful_essay/DDPM/ScoreGrad: Multivariate Probabilistic Time Series Forecasting with Continuous Energy-based Generative Models.pdf
['Autoregressive Denoising Diffusion Models for Multivariate Probabilistic Time Series Forecasting']
https://arxiv.org/pdf/2101.12072
Sucessful to download /Users/yirandoris/wonderful_essay/DDPM/Autoregressive Denoising Diffusion Models for Multivariate Probabilistic Time Series Forecasting.pdf
['MDM: Molecular Diffusion Model for 3D Molecule Generation']
https://arxiv.org/pdf/2209.05710
Sucessful to download /Users/yirandoris/wonderful_essay/DDPM/MDM: Molecular Diffusion Model for 3D Molecule Generation.pdf
['Diffusion-based Molecule Generation with Informative Prior Bridges']
https://arxiv.org/pdf/2209.00865
Sucessful to download /Users/yirandoris/wonderful_essay/DDPM/Diffusion-based Molecule Generation with Informative Prior Bridges.pdf
['Data-driven discovery of novel 2D materials by deep generative models']
https://arxiv.org/pdf/2206.12159
Sucessful to download /Users/yirandoris/wonderful_essay/DDPM/Data-driven discovery of novel 2D materials by deep generative models.pdf
['Score-based Generative Models for Calorimeter Shower Simulation']
https://arxiv.org/pdf/2206.11898
Sucessful to download /Users/yirandoris/wonderful_essay/DDPM/Score-based Generative Models for Calorimeter Shower Simulation.pdf
['Diffusion probabilistic modeling of protein backbones in 3D for the motif-scaffolding problem']
https://arxiv.org/pdf/2206.04119
Sucessful to download /Users/yirandoris/wonderful_essay/DDPM/Diffusion probabilistic modeling of protein backbones in 3D for the motif-scaffolding problem.pdf
['Torsional Diffusion for Molecular Conformer Generation']
https://arxiv.org/pdf/2206.01729
Sucessful to download /Users/yirandoris/wonderful_essay/DDPM/Torsional Diffusion for Molecular Conformer Generation.pdf
['Protein Structure and Sequence Generation with Equivariant Denoising Diffusion Probabilistic Models']
https://arxiv.org/pdf/2205.15019
Sucessful to download /Users/yirandoris/wonderful_essay/DDPM/Protein Structure and Sequence Generation with Equivariant Denoising Diffusion Probabilistic Models.pdf
['A Score-based Geometric Model for Molecular Dynamics Simulations']
https://arxiv.org/pdf/2204.08672
Sucessful to download /Users/yirandoris/wonderful_essay/DDPM/A Score-based Geometric Model for Molecular Dynamics Simulations.pdf
['Equivariant Diffusion for Molecule Generation in 3D']
https://arxiv.org/pdf/2203.17003
Sucessful to download /Users/yirandoris/wonderful_essay/DDPM/Equivariant Diffusion for Molecule Generation in 3D.pdf
['GeoDiff: a Geometric Diffusion Model for Molecular Conformation Generation']
https://arxiv.org/pdf/2203.02923
Sucessful to download /Users/yirandoris/wonderful_essay/DDPM/GeoDiff: a Geometric Diffusion Model for Molecular Conformation Generation.pdf
['Riemannian Diffusion Models']
https://arxiv.org/pdf/2208.07949
Sucessful to download /Users/yirandoris/wonderful_essay/DDPM/Riemannian Diffusion Models.pdf
['Convergence of denoising diffusion models under the manifold hypothesis']
https://arxiv.org/pdf/2208.05314
Sucessful to download /Users/yirandoris/wonderful_essay/DDPM/Convergence of denoising diffusion models under the manifold hypothesis.pdf
['Torsional Diffusion for Molecular Conformer Generation']
https://arxiv.org/pdf/2206.01729
Sucessful to download /Users/yirandoris/wonderful_essay/DDPM/Torsional Diffusion for Molecular Conformer Generation.pdf
['Riemannian Score-Based Generative Modeling']
https://arxiv.org/pdf/2202.02763
Sucessful to download /Users/yirandoris/wonderful_essay/DDPM/Riemannian Score-Based Generative Modeling.pdf
['Interpreting diffusion score matching using normalizing flow']
https://arxiv.org/pdf/2107.10072
Sucessful to download /Users/yirandoris/wonderful_essay/DDPM/Interpreting diffusion score matching using normalizing flow.pdf
['Mandarin Singing Voice Synthesis with Denoising Diffusion Probabilistic Wasserstein GAN']
https://arxiv.org/pdf/2209.10446
Sucessful to download /Users/yirandoris/wonderful_essay/DDPM/Mandarin Singing Voice Synthesis with Denoising Diffusion Probabilistic Wasserstein GAN.pdf
['SE(3)-DiffusionFields: Learning smooth cost functions for joint grasp and motion optimization through diffusion']
https://arxiv.org/pdf/2209.03855
Sucessful to download /Users/yirandoris/wonderful_essay/DDPM/SE(3)-DiffusionFields: Learning smooth cost functions for joint grasp and motion optimization through diffusion.pdf
['Instrument Separation of Symbolic Music by Explicitly Guided Diffusion Model']
https://arxiv.org/pdf/2209.02696
Sucessful to download /Users/yirandoris/wonderful_essay/DDPM/Instrument Separation of Symbolic Music by Explicitly Guided Diffusion Model.pdf
['FLAME: Free-form Language-based Motion Synthesis &amp; Editing']
https://arxiv.org/pdf/2209.00349
Sucessful to download /Users/yirandoris/wonderful_essay/DDPM/FLAME: Free-form Language-based Motion Synthesis &amp; Editing.pdf
['MotionDiffuse: Text-Driven Human Motion Generation with Diffusion Model']
https://arxiv.org/pdf/2208.15001
Sucessful to download /Users/yirandoris/wonderful_essay/DDPM/MotionDiffuse: Text-Driven Human Motion Generation with Diffusion Model.pdf
['A Diffusion Model Predicts 3D Shapes from 2D Microscopy Images']
https://arxiv.org/pdf/2208.14125
Sucessful to download /Users/yirandoris/wonderful_essay/DDPM/A Diffusion Model Predicts 3D Shapes from 2D Microscopy Images.pdf
['AT-DDPM: Restoring Faces degraded by Atmospheric Turbulence using Denoising Diffusion Probabilistic Models']
https://arxiv.org/pdf/2208.11284
Sucessful to download /Users/yirandoris/wonderful_essay/DDPM/AT-DDPM: Restoring Faces degraded by Atmospheric Turbulence using Denoising Diffusion Probabilistic Models.pdf
['Vector Quantized Diffusion Model with CodeUnet for Text-to-Sign Pose Sequences Generation']
https://arxiv.org/pdf/2208.09141
Sucessful to download /Users/yirandoris/wonderful_essay/DDPM/Vector Quantized Diffusion Model with CodeUnet for Text-to-Sign Pose Sequences Generation.pdf
['TopoDiff: A Performance and Constraint-Guided Diffusion Model for Topology Optimization']
https://arxiv.org/pdf/2208.09591
Sucessful to download /Users/yirandoris/wonderful_essay/DDPM/TopoDiff: A Performance and Constraint-Guided Diffusion Model for Topology Optimization.pdf
['DeScoD-ECG: Deep Score-Based Diffusion Model for ECG Baseline Wander and Noise Removal']
https://arxiv.org/pdf/2208.00542
Sucessful to download /Users/yirandoris/wonderful_essay/DDPM/DeScoD-ECG: Deep Score-Based Diffusion Model for ECG Baseline Wander and Noise Removal.pdf
['Restoring Vision in Adverse Weather Conditions with Patch-Based Denoising Diffusion Models']
https://arxiv.org/pdf/2207.14626
Sucessful to download /Users/yirandoris/wonderful_essay/DDPM/Restoring Vision in Adverse Weather Conditions with Patch-Based Denoising Diffusion Models.pdf
['DiffuStereo: High Quality Human Reconstruction via Diffusion-based Stereo Using Sparse Cameras']
https://arxiv.org/pdf/2207.08000
Sucessful to download /Users/yirandoris/wonderful_essay/DDPM/DiffuStereo: High Quality Human Reconstruction via Diffusion-based Stereo Using Sparse Cameras.pdf
['DDPM-CD: Remote Sensing Change Detection using Denoising Diffusion Probabilistic Models']
https://arxiv.org/pdf/2206.11892
Sucessful to download /Users/yirandoris/wonderful_essay/DDPM/DDPM-CD: Remote Sensing Change Detection using Denoising Diffusion Probabilistic Models.pdf
['Discrete Contrastive Diffusion for Cross-Modal and Conditional Generation']
https://arxiv.org/pdf/2206.07771
Sucessful to download /Users/yirandoris/wonderful_essay/DDPM/Discrete Contrastive Diffusion for Cross-Modal and Conditional Generation.pdf
['CARD: Classification and Regression Diffusion Models']
https://arxiv.org/pdf/2206.07275
Sucessful to download /Users/yirandoris/wonderful_essay/DDPM/CARD: Classification and Regression Diffusion Models.pdf
['Multi-instrument Music Synthesis with Spectrogram Diffusion']
https://arxiv.org/pdf/2206.05408
Sucessful to download /Users/yirandoris/wonderful_essay/DDPM/Multi-instrument Music Synthesis with Spectrogram Diffusion.pdf
['Neural Diffusion Processes']
https://arxiv.org/pdf/2206.03992
Sucessful to download /Users/yirandoris/wonderful_essay/DDPM/Neural Diffusion Processes.pdf
['Planning with Diffusion for Flexible Behavior Synthesis']
https://arxiv.org/pdf/2205.09991
Sucessful to download /Users/yirandoris/wonderful_essay/DDPM/Planning with Diffusion for Flexible Behavior Synthesis.pdf
['Stochastic Trajectory Prediction via Motion Indeterminacy Diffusion']
https://arxiv.org/pdf/2203.13777
Sucessful to download /Users/yirandoris/wonderful_essay/DDPM/Stochastic Trajectory Prediction via Motion Indeterminacy Diffusion.pdf
['Score-Based Generative Models for Robust Channel Estimation']
https://arxiv.org/pdf/2111.08177
Sucessful to download /Users/yirandoris/wonderful_essay/DDPM/Score-Based Generative Models for Robust Channel Estimation.pdf
['Deep diffusion-based forecasting of COVID-19 by incorporating network-level mobility information']
https://arxiv.org/pdf/2111.05199
Sucessful to download /Users/yirandoris/wonderful_essay/DDPM/Deep diffusion-based forecasting of COVID-19 by incorporating network-level mobility information.pdf
['Realistic galaxy image simulation via score-based generative models']
https://arxiv.org/pdf/2111.01713
Sucessful to download /Users/yirandoris/wonderful_essay/DDPM/Realistic galaxy image simulation via score-based generative models.pdf
['Crystal Diffusion Variational Autoencoder for Periodic Material Generation']
https://arxiv.org/pdf/2110.06197
Sucessful to download /Users/yirandoris/wonderful_essay/DDPM/Crystal Diffusion Variational Autoencoder for Periodic Material Generation.pdf
['Diffusion models for Handwriting Generation']
https://arxiv.org/pdf/2011.06704
Sucessful to download /Users/yirandoris/wonderful_essay/DDPM/Diffusion models for Handwriting Generation.pdf
['Permutation Invariant Graph Generation via Score-Based Generative Modeling']
https://arxiv.org/pdf/2003.00638
Sucessful to download /Users/yirandoris/wonderful_essay/DDPM/Permutation Invariant Graph Generation via Score-Based Generative Modeling.pdf
